{"data": [{"type": "report", "id": 1, "attributes": {"environment": {"Python": "3.11.4", "Platform": "Windows-10-10.0.22621-SP0"}, "summary": {"passed": 4, "failed": 4, "num_tests": 8, "duration": 239.64420533180237}, "created_at": "2024-02-06 23:41:51.976526"}, "relationships": {"tests": {"data": [{"id": 1, "type": "test"}, {"id": 2, "type": "test"}, {"id": 3, "type": "test"}, {"id": 4, "type": "test"}, {"id": 5, "type": "test"}, {"id": 6, "type": "test"}, {"id": 7, "type": "test"}, {"id": 8, "type": "test"}]}}}], "included": [{"id": 1, "type": "test", "attributes": {"name": "src/testsuite/IntegrationModule/test_dz_integration_module.py::TestDZIntegrationModule::test_TCID_006_verify_navigation_and_contents_for_integration_page", "duration": 10.199076699558645, "run_index": 0, "setup": {"name": "setup", "duration": 0.0009293998591601849, "outcome": "passed"}, "call": {"name": "call", "duration": 10.196773099945858, "outcome": "passed", "log": "\u001b[32mINFO    \u001b[0m conftest:browser_driver.py:51 Starting Test test_TCID_006_verify_navigation_and_contents_for_integration_page\n\u001b[32mINFO    \u001b[0m conftest:browser_driver.py:146 Initializing driver chrome with Headless mode False\n\u001b[32mINFO    \u001b[0m conftest:base.py:122 String 'swap12875@gmail.com' sent / typed in 'username' input field.\n\u001b[32mINFO    \u001b[0m conftest:base.py:122 String 'Dev@12875' sent / typed in 'password' input field.\n\u001b[32mINFO    \u001b[0m conftest:base.py:162 Waited for <> Element to Display for 0 seconds\n\u001b[32mINFO    \u001b[0m conftest:base.py:137 Clicked on ('xpath', '//button')\n\u001b[32mINFO    \u001b[0m conftest:base.py:202 Waiting for Spinner to disappear.\n\u001b[32mINFO    \u001b[0m conftest:base.py:162 Waited for <Dashboard label> Element to Display for 0 seconds\n\u001b[32mINFO    \u001b[0m conftest:base.py:176 Element text for ('xpath', \"//h6[.='Dashboard']\") is displayed as <Dashboard>\n\u001b[32mINFO    \u001b[0m conftest:base.py:162 Waited for <> Element to Display for 0 seconds\n\u001b[32mINFO    \u001b[0m conftest:base.py:137 Clicked on ('xpath', \"//h6[.='Integration']\")\n\u001b[32mINFO    \u001b[0m conftest:base.py:162 Waited for <Integration Heading> Element to Display for 0 seconds\n\u001b[32mINFO    \u001b[0m conftest:base.py:202 Waiting for Spinner to disappear.\n\u001b[32mINFO    \u001b[0m conftest:base.py:162 Waited for <Integration page heading> Element to Display for 0 seconds\n\u001b[32mINFO    \u001b[0m conftest:base.py:176 Element text for ('xpath', \"//h4[.='All Integrations']\") is displayed as <All Integrations>\n\u001b[32mINFO    \u001b[0m conftest:base.py:176 Element text for ('xpath', \"//h6[.='Jira Integration']\") is displayed as <Jira Integration>\n\u001b[32mINFO    \u001b[0m conftest:base.py:176 Element text for ('xpath', \"//h6[.='Github Integration']\") is displayed as <Github Integration>\n\u001b[32mINFO    \u001b[0m conftest:browser_driver.py:59 _____________ Test Case : test_TCID_006_verify_navigation_and_contents_for_integration_page passed _____________\n\u001b[32mINFO    \u001b[0m conftest:browser_driver.py:156 Chrome browser closed successfully.\n\u001b[32mINFO    \u001b[0m conftest:browser_driver.py:75 Test Execution Finished for TC: test_TCID_006_verify_navigation_and_contents_for_integration_page"}, "teardown": {"name": "teardown", "duration": 0.0004447998944669962, "outcome": "passed", "log": "\u001b[32mINFO    \u001b[0m conftest:conftest.py:81 _____________ Test Case : test_TCID_006_verify_navigation_and_contents_for_integration_page passed _____________"}, "outcome": "passed"}}, {"id": 2, "type": "test", "attributes": {"name": "src/testsuite/IntegrationModule/test_dz_integration_module.py::TestDZIntegrationModule::test_TCID_007_verify_integration_card_contents_for_github", "duration": 28.556410799967125, "run_index": 1, "setup": {"name": "setup", "duration": 0.0003847000189125538, "outcome": "passed"}, "call": {"name": "call", "duration": 28.186956099933013, "outcome": "failed", "longrepr": "Traceback (most recent call last):\n  File \"D:\\projects\\JiraAssignments\\Devzery\\src\\testsuite\\IntegrationModule\\test_dz_integration_module.py\", line 40, in test_TCID_007_verify_integration_card_contents_for_github\n    self.integration_helper.verify_integration_card_contents_for('Github')\n  File \"D:\\projects\\JiraAssignments\\Devzery\\src\\helpers\\integration_helper.py\", line 22, in verify_integration_card_contents_for\n    assert self.open_integration_container(card), f\"Integration container for {card} unable to opened\"\nAssertionError: Integration container for Github unable to opened", "log": "\u001b[32mINFO    \u001b[0m conftest:browser_driver.py:51 Starting Test test_TCID_007_verify_integration_card_contents_for_github\n\u001b[32mINFO    \u001b[0m conftest:browser_driver.py:146 Initializing driver chrome with Headless mode False\n\u001b[32mINFO    \u001b[0m conftest:base.py:122 String 'swap12875@gmail.com' sent / typed in 'username' input field.\n\u001b[32mINFO    \u001b[0m conftest:base.py:122 String 'Dev@12875' sent / typed in 'password' input field.\n\u001b[32mINFO    \u001b[0m conftest:base.py:162 Waited for <> Element to Display for 0 seconds\n\u001b[32mINFO    \u001b[0m conftest:base.py:137 Clicked on ('xpath', '//button')\n\u001b[32mINFO    \u001b[0m conftest:base.py:202 Waiting for Spinner to disappear.\n\u001b[32mINFO    \u001b[0m conftest:base.py:162 Waited for <Dashboard label> Element to Display for 0 seconds\n\u001b[32mINFO    \u001b[0m conftest:base.py:176 Element text for ('xpath', \"//h6[.='Dashboard']\") is displayed as <Dashboard>\n\u001b[32mINFO    \u001b[0m conftest:base.py:162 Waited for <> Element to Display for 0 seconds\n\u001b[32mINFO    \u001b[0m conftest:base.py:137 Clicked on ('xpath', \"//h6[.='Integration']\")\n\u001b[32mINFO    \u001b[0m conftest:base.py:162 Waited for <Integration Heading> Element to Display for 0 seconds\n\u001b[32mINFO    \u001b[0m conftest:base.py:191 Unable to verify the element displayed.\n\u001b[32mINFO    \u001b[0m conftest:IntegrationPage.py:187 Jira project is not integrated\n\u001b[32mINFO    \u001b[0m conftest:base.py:162 Waited for <> Element to Display for 0 seconds\n\u001b[32mINFO    \u001b[0m conftest:base.py:137 Clicked on ('xpath', \"//h6[.='Github Integration']\")\n\u001b[32mINFO    \u001b[0m conftest:base.py:188 Element with locator ('class name', 'gitLogoAndLink') displayed on page.\n\u001b[31mCRITICAL\u001b[0m conftest:browser_driver.py:61 ~~~~~~~~~~~~~~~~~~ Test Case : test_TCID_007_verify_integration_card_contents_for_github Failed ~~~~~~~~~~~~~~~~~~~~~with >\n\t\t\t\t\t\t AssertionError : Integration container for Github unable to opened\n\u001b[32mINFO    \u001b[0m conftest:browser_driver.py:71 Failed TC test_TCID_007_verify_integration_card_contents_for_github screenshot saved as : \n\t\t\t\t\t\t D:\\projects\\JiraAssignments\\Devzery\\report\\failed_tc\\test_TCID_007_verify_integration_card_contents_for_github.png\n\u001b[32mINFO    \u001b[0m conftest:browser_driver.py:156 Chrome browser closed successfully.\n\u001b[32mINFO    \u001b[0m conftest:browser_driver.py:75 Test Execution Finished for TC: test_TCID_007_verify_integration_card_contents_for_github"}, "teardown": {"name": "teardown", "duration": 0.36868529999628663, "outcome": "passed", "log": "\u001b[32mINFO    \u001b[0m conftest:conftest.py:76 Stacktrace -> \n$Traceback (most recent call last):\n  File \"D:\\projects\\JiraAssignments\\Devzery\\src\\testsuite\\IntegrationModule\\test_dz_integration_module.py\", line 40, in test_TCID_007_verify_integration_card_contents_for_github\n    self.integration_helper.verify_integration_card_contents_for('Github')\n  File \"D:\\projects\\JiraAssignments\\Devzery\\src\\helpers\\integration_helper.py\", line 22, in verify_integration_card_contents_for\n    assert self.open_integration_container(card), f\"Integration container for {card} unable to opened\"\nAssertionError: Integration container for Github unable to opened\n\u001b[32mINFO    \u001b[0m conftest:conftest.py:78 ~~~~~~~~~~~~~~~~~~~~~~~~~ TEST CASE : TEST_TCID_007_VERIFY_INTEGRATION_CARD_CONTENTS_FOR_GITHUB FAILED ~~~~~~~~~~~~~~~~~~~~~~~~~"}, "outcome": "failed"}}, {"id": 3, "type": "test", "attributes": {"name": "src/testsuite/IntegrationModule/test_dz_integration_module.py::TestDZIntegrationModule::test_TCID_007_verify_integration_card_contents_for_jira", "duration": 27.96444379980676, "run_index": 2, "setup": {"name": "setup", "duration": 0.00041319988667964935, "outcome": "passed"}, "call": {"name": "call", "duration": 27.70862969988957, "outcome": "failed", "longrepr": "Traceback (most recent call last):\n  File \"D:\\projects\\JiraAssignments\\Devzery\\src\\testsuite\\IntegrationModule\\test_dz_integration_module.py\", line 52, in test_TCID_007_verify_integration_card_contents_for_jira\n    self.integration_helper.verify_integration_card_contents_for('Jira')\n  File \"D:\\projects\\JiraAssignments\\Devzery\\src\\helpers\\integration_helper.py\", line 22, in verify_integration_card_contents_for\n    assert self.open_integration_container(card), f\"Integration container for {card} unable to opened\"\nAssertionError: Integration container for Jira unable to opened", "log": "\u001b[32mINFO    \u001b[0m conftest:browser_driver.py:51 Starting Test test_TCID_007_verify_integration_card_contents_for_jira\n\u001b[32mINFO    \u001b[0m conftest:browser_driver.py:146 Initializing driver chrome with Headless mode False\n\u001b[32mINFO    \u001b[0m conftest:base.py:122 String 'swap12875@gmail.com' sent / typed in 'username' input field.\n\u001b[32mINFO    \u001b[0m conftest:base.py:122 String 'Dev@12875' sent / typed in 'password' input field.\n\u001b[32mINFO    \u001b[0m conftest:base.py:162 Waited for <> Element to Display for 0 seconds\n\u001b[32mINFO    \u001b[0m conftest:base.py:137 Clicked on ('xpath', '//button')\n\u001b[32mINFO    \u001b[0m conftest:base.py:202 Waiting for Spinner to disappear.\n\u001b[32mINFO    \u001b[0m conftest:base.py:162 Waited for <Dashboard label> Element to Display for 0 seconds\n\u001b[32mINFO    \u001b[0m conftest:base.py:176 Element text for ('xpath', \"//h6[.='Dashboard']\") is displayed as <Dashboard>\n\u001b[32mINFO    \u001b[0m conftest:base.py:162 Waited for <> Element to Display for 0 seconds\n\u001b[32mINFO    \u001b[0m conftest:base.py:137 Clicked on ('xpath', \"//h6[.='Integration']\")\n\u001b[32mINFO    \u001b[0m conftest:base.py:162 Waited for <Integration Heading> Element to Display for 0 seconds\n\u001b[32mINFO    \u001b[0m conftest:base.py:188 Element with locator ('class name', 'deleteJira') displayed on page.\n\u001b[32mINFO    \u001b[0m conftest:base.py:162 Waited for <> Element to Display for 0 seconds\n\u001b[32mINFO    \u001b[0m conftest:base.py:137 Clicked on ('class name', 'deleteJira')\n\u001b[32mINFO    \u001b[0m conftest:base.py:176 Element text for ('xpath', \"//div[starts-with(@class,'MuiAlert-message')]\") is displayed as <Integration Deleted Successfully!>\n\u001b[32mINFO    \u001b[0m conftest:base.py:162 Waited for <> Element to Display for 0 seconds\n\u001b[32mINFO    \u001b[0m conftest:base.py:137 Clicked on ('xpath', \"//h6[.='Jira Integration']\")\n\u001b[32mINFO    \u001b[0m conftest:base.py:191 Unable to verify the element displayed.\n\u001b[31mCRITICAL\u001b[0m conftest:browser_driver.py:61 ~~~~~~~~~~~~~~~~~~ Test Case : test_TCID_007_verify_integration_card_contents_for_jira Failed ~~~~~~~~~~~~~~~~~~~~~with >\n\t\t\t\t\t\t AssertionError : Integration container for Jira unable to opened\n\u001b[32mINFO    \u001b[0m conftest:browser_driver.py:71 Failed TC test_TCID_007_verify_integration_card_contents_for_jira screenshot saved as : \n\t\t\t\t\t\t D:\\projects\\JiraAssignments\\Devzery\\report\\failed_tc\\test_TCID_007_verify_integration_card_contents_for_jira.png\n\u001b[32mINFO    \u001b[0m conftest:browser_driver.py:156 Chrome browser closed successfully.\n\u001b[32mINFO    \u001b[0m conftest:browser_driver.py:75 Test Execution Finished for TC: test_TCID_007_verify_integration_card_contents_for_jira"}, "teardown": {"name": "teardown", "duration": 0.254987700143829, "outcome": "passed", "log": "\u001b[32mINFO    \u001b[0m conftest:conftest.py:76 Stacktrace -> \n$Traceback (most recent call last):\n  File \"D:\\projects\\JiraAssignments\\Devzery\\src\\testsuite\\IntegrationModule\\test_dz_integration_module.py\", line 52, in test_TCID_007_verify_integration_card_contents_for_jira\n    self.integration_helper.verify_integration_card_contents_for('Jira')\n  File \"D:\\projects\\JiraAssignments\\Devzery\\src\\helpers\\integration_helper.py\", line 22, in verify_integration_card_contents_for\n    assert self.open_integration_container(card), f\"Integration container for {card} unable to opened\"\nAssertionError: Integration container for Jira unable to opened\n\u001b[32mINFO    \u001b[0m conftest:conftest.py:78 ~~~~~~~~~~~~~~~~~~~~~~~~~ TEST CASE : TEST_TCID_007_VERIFY_INTEGRATION_CARD_CONTENTS_FOR_JIRA FAILED ~~~~~~~~~~~~~~~~~~~~~~~~~"}, "outcome": "failed"}}, {"id": 4, "type": "test", "attributes": {"name": "src/testsuite/IntegrationModule/test_dz_integration_module.py::TestDZIntegrationModule::test_TCID_008_verify_jira_integration", "duration": 49.9069258000236, "run_index": 3, "setup": {"name": "setup", "duration": 0.000521400012075901, "outcome": "passed"}, "call": {"name": "call", "duration": 49.70101570012048, "outcome": "failed", "longrepr": "Traceback (most recent call last):\n  File \"D:\\projects\\JiraAssignments\\Devzery\\src\\helpers\\base.py\", line 220, in verify_toast_msg\n    msg_on_page = self.get_text(self.loc_toast_message)\n                  ^^^^^^^^^^^^^^^^^^^^^^^^^^^^^^^^^^^^^\n  File \"D:\\projects\\JiraAssignments\\Devzery\\src\\helpers\\base.py\", line 170, in get_text\n    self.wait.until(ec.presence_of_element_located(locator))\n  File \"D:\\projects\\JiraAssignments\\Devzery\\venv\\Lib\\site-packages\\selenium\\webdriver\\support\\wait.py\", line 105, in until\n    raise TimeoutException(message, screen, stacktrace)\nselenium.common.exceptions.TimeoutException: Message: \nStacktrace:\n\tGetHandleVerifier [0x00007FF64A455E42+3538674]\n\t(No symbol) [0x00007FF64A074C02]\n\t(No symbol) [0x00007FF649F25AEB]\n\t(No symbol) [0x00007FF649F6BF4E]\n\t(No symbol) [0x00007FF649F6C0CC]\n\t(No symbol) [0x00007FF649FAE477]\n\t(No symbol) [0x00007FF649F8F0EF]\n\t(No symbol) [0x00007FF649FABDE3]\n\t(No symbol) [0x00007FF649F8EE53]\n\t(No symbol) [0x00007FF649F5F514]\n\t(No symbol) [0x00007FF649F60631]\n\tGetHandleVerifier [0x00007FF64A486CAD+3738973]\n\tGetHandleVerifier [0x00007FF64A4DC506+4089270]\n\tGetHandleVerifier [0x00007FF64A4D4823+4057299]\n\tGetHandleVerifier [0x00007FF64A1A5C49+720121]\n\t(No symbol) [0x00007FF64A08126F]\n\t(No symbol) [0x00007FF64A07C304]\n\t(No symbol) [0x00007FF64A07C432]\n\t(No symbol) [0x00007FF64A06BD04]\n\tBaseThreadInitThunk [0x00007FF93D60257D+29]\n\tRtlUserThreadStart [0x00007FF93EA0AA58+40]\n\n\nDuring handling of the above exception, another exception occurred:\n\nTraceback (most recent call last):\n  File \"D:\\projects\\JiraAssignments\\Devzery\\src\\testsuite\\IntegrationModule\\test_dz_integration_module.py\", line 79, in test_TCID_008_verify_jira_integration\n    self.integration_helper.verify_jira_integration(\n  File \"D:\\projects\\JiraAssignments\\Devzery\\src\\helpers\\integration_helper.py\", line 65, in verify_jira_integration\n    self.verify_integration_successful_msg()\n  File \"D:\\projects\\JiraAssignments\\Devzery\\src\\pages\\IntegrationPage.py\", line 105, in verify_integration_successful_msg\n    self.base.verify_toast_msg(\"integration successful\")\n  File \"D:\\projects\\JiraAssignments\\Devzery\\src\\helpers\\base.py\", line 226, in verify_toast_msg\n    pytest.fail(f\"failing the test due to exception {e}\")\n  File \"D:\\projects\\JiraAssignments\\Devzery\\venv\\Lib\\site-packages\\_pytest\\outcomes.py\", line 198, in fail\n    raise Failed(msg=reason, pytrace=pytrace)\nFailed: failing the test due to exception Message: \nStacktrace:\n\tGetHandleVerifier [0x00007FF64A455E42+3538674]\n\t(No symbol) [0x00007FF64A074C02]\n\t(No symbol) [0x00007FF649F25AEB]\n\t(No symbol) [0x00007FF649F6BF4E]\n\t(No symbol) [0x00007FF649F6C0CC]\n\t(No symbol) [0x00007FF649FAE477]\n\t(No symbol) [0x00007FF649F8F0EF]\n\t(No symbol) [0x00007FF649FABDE3]\n\t(No symbol) [0x00007FF649F8EE53]\n\t(No symbol) [0x00007FF649F5F514]\n\t(No symbol) [0x00007FF649F60631]\n\tGetHandleVerifier [0x00007FF64A486CAD+3738973]\n\tGetHandleVerifier [0x00007FF64A4DC506+4089270]\n\tGetHandleVerifier [0x00007FF64A4D4823+4057299]\n\tGetHandleVerifier [0x00007FF64A1A5C49+720121]\n\t(No symbol) [0x00007FF64A08126F]\n\t(No symbol) [0x00007FF64A07C304]\n\t(No symbol) [0x00007FF64A07C432]\n\t(No symbol) [0x00007FF64A06BD04]\n\tBaseThreadInitThunk [0x00007FF93D60257D+29]\n\tRtlUserThreadStart [0x00007FF93EA0AA58+40]", "log": "\u001b[32mINFO    \u001b[0m conftest:browser_driver.py:51 Starting Test test_TCID_008_verify_jira_integration\n\u001b[32mINFO    \u001b[0m conftest:browser_driver.py:146 Initializing driver chrome with Headless mode False\n\u001b[32mINFO    \u001b[0m conftest:base.py:122 String 'swap12875@gmail.com' sent / typed in 'username' input field.\n\u001b[32mINFO    \u001b[0m conftest:base.py:122 String 'Dev@12875' sent / typed in 'password' input field.\n\u001b[32mINFO    \u001b[0m conftest:base.py:162 Waited for <> Element to Display for 0 seconds\n\u001b[32mINFO    \u001b[0m conftest:base.py:137 Clicked on ('xpath', '//button')\n\u001b[32mINFO    \u001b[0m conftest:base.py:202 Waiting for Spinner to disappear.\n\u001b[32mINFO    \u001b[0m conftest:base.py:162 Waited for <Dashboard label> Element to Display for 0 seconds\n\u001b[32mINFO    \u001b[0m conftest:base.py:176 Element text for ('xpath', \"//h6[.='Dashboard']\") is displayed as <Dashboard>\n\u001b[32mINFO    \u001b[0m conftest:base.py:162 Waited for <> Element to Display for 0 seconds\n\u001b[32mINFO    \u001b[0m conftest:base.py:137 Clicked on ('xpath', \"//h6[.='Integration']\")\n\u001b[32mINFO    \u001b[0m conftest:base.py:162 Waited for <Integration Heading> Element to Display for 0 seconds\n\u001b[32mINFO    \u001b[0m conftest:base.py:162 Waited for <> Element to Display for 0 seconds\n\u001b[32mINFO    \u001b[0m conftest:base.py:137 Clicked on ('xpath', \"//h6[.='Jira Integration']\")\n\u001b[32mINFO    \u001b[0m conftest:base.py:188 Element with locator ('class name', 'jiraLogoAndLink') displayed on page.\n\u001b[32mINFO    \u001b[0m conftest:base.py:122 String 'https://swaptest12875.atlassian.net/' sent / typed in 'Jira workspace url' input field.\n\u001b[32mINFO    \u001b[0m conftest:base.py:122 String 'swaptest12875@gmail.com' sent / typed in 'jira username' input field.\n\u001b[32mINFO    \u001b[0m conftest:base.py:122 String 'ATATT3xFfGF06T6EBwDfKB0VCSxMwQVloBdTq60CHU5FnUzSpjjNbdquhJ4hZsYwrvZ1BqA5JzNDE8rhfyeALg-oFQKXDXwo9KAQpXj0l1eH0iSlbfXGelzFG_VDxEjMfetBd0GzoQtlKiBnarM1Q4-lZyoeIm_qj1l5w7W5t2bmWlE4SGd9Q44=B712E1FF' sent / typed in 'jira token' input field.\n\u001b[32mINFO    \u001b[0m conftest:base.py:162 Waited for <> Element to Display for 0 seconds\n\u001b[32mINFO    \u001b[0m conftest:base.py:137 Clicked on ('xpath', \"//button[text()='Select Project']\")\n\u001b[32mINFO    \u001b[0m conftest:base.py:176 Element text for ('xpath', \"//h5[.='Select Project']\") is displayed as <Select Project>\n\u001b[32mINFO    \u001b[0m conftest:base.py:162 Waited for <> Element to Display for 0 seconds\n\u001b[32mINFO    \u001b[0m conftest:base.py:137 Clicked on ('xpath', \"//button[text()='Next']\")\n\u001b[32mINFO    \u001b[0m conftest:base.py:162 Waited for <Project selection dropdown> Element to Display for 0 seconds\n\u001b[32mINFO    \u001b[0m conftest:base.py:162 Waited for <> Element to Display for 0 seconds\n\u001b[32mINFO    \u001b[0m conftest:base.py:137 Clicked on ('xpath', \"//button[text()='Next']\")\n\u001b[32mINFO    \u001b[0m conftest:base.py:162 Waited for <> Element to Display for 0 seconds\n\u001b[32mINFO    \u001b[0m conftest:base.py:137 Clicked on ('xpath', \"//button[text()='Next']\")\n\u001b[32mINFO    \u001b[0m conftest:base.py:162 Waited for <> Element to Display for 0 seconds\n\u001b[32mINFO    \u001b[0m conftest:base.py:137 Clicked on ('xpath', \"//button[text()='Finish']\")\n\u001b[1m\u001b[31mERROR   \u001b[0m conftest:base.py:225 Fail to verify the toast message with exception Message: \nStacktrace:\n\tGetHandleVerifier [0x00007FF64A455E42+3538674]\n\t(No symbol) [0x00007FF64A074C02]\n\t(No symbol) [0x00007FF649F25AEB]\n\t(No symbol) [0x00007FF649F6BF4E]\n\t(No symbol) [0x00007FF649F6C0CC]\n\t(No symbol) [0x00007FF649FAE477]\n\t(No symbol) [0x00007FF649F8F0EF]\n\t(No symbol) [0x00007FF649FABDE3]\n\t(No symbol) [0x00007FF649F8EE53]\n\t(No symbol) [0x00007FF649F5F514]\n\t(No symbol) [0x00007FF649F60631]\n\tGetHandleVerifier [0x00007FF64A486CAD+3738973]\n\tGetHandleVerifier [0x00007FF64A4DC506+4089270]\n\tGetHandleVerifier [0x00007FF64A4D4823+4057299]\n\tGetHandleVerifier [0x00007FF64A1A5C49+720121]\n\t(No symbol) [0x00007FF64A08126F]\n\t(No symbol) [0x00007FF64A07C304]\n\t(No symbol) [0x00007FF64A07C432]\n\t(No symbol) [0x00007FF64A06BD04]\n\tBaseThreadInitThunk [0x00007FF93D60257D+29]\n\tRtlUserThreadStart [0x00007FF93EA0AA58+40]\n\n\u001b[31mCRITICAL\u001b[0m conftest:browser_driver.py:61 ~~~~~~~~~~~~~~~~~~ Test Case : test_TCID_008_verify_jira_integration Failed ~~~~~~~~~~~~~~~~~~~~~with >\n\t\t\t\t\t\t Failed : failing the test due to exception Message: \nStacktrace:\n\tGetHandleVerifier [0x00007FF64A455E42+3538674]\n\t(No symbol) [0x00007FF64A074C02]\n\t(No symbol) [0x00007FF649F25AEB]\n\t(No symbol) [0x00007FF649F6BF4E]\n\t(No symbol) [0x00007FF649F6C0CC]\n\t(No symbol) [0x00007FF649FAE477]\n\t(No symbol) [0x00007FF649F8F0EF]\n\t(No symbol) [0x00007FF649FABDE3]\n\t(No symbol) [0x00007FF649F8EE53]\n\t(No symbol) [0x00007FF649F5F514]\n\t(No symbol) [0x00007FF649F60631]\n\tGetHandleVerifier [0x00007FF64A486CAD+3738973]\n\tGetHandleVerifier [0x00007FF64A4DC506+4089270]\n\tGetHandleVerifier [0x00007FF64A4D4823+4057299]\n\tGetHandleVerifier [0x00007FF64A1A5C49+720121]\n\t(No symbol) [0x00007FF64A08126F]\n\t(No symbol) [0x00007FF64A07C304]\n\t(No symbol) [0x00007FF64A07C432]\n\t(No symbol) [0x00007FF64A06BD04]\n\tBaseThreadInitThunk [0x00007FF93D60257D+29]\n\tRtlUserThreadStart [0x00007FF93EA0AA58+40]\n\n\u001b[32mINFO    \u001b[0m conftest:browser_driver.py:71 Failed TC test_TCID_008_verify_jira_integration screenshot saved as : \n\t\t\t\t\t\t D:\\projects\\JiraAssignments\\Devzery\\report\\failed_tc\\test_TCID_008_verify_jira_integration.png\n\u001b[32mINFO    \u001b[0m conftest:browser_driver.py:156 Chrome browser closed successfully.\n\u001b[32mINFO    \u001b[0m conftest:browser_driver.py:75 Test Execution Finished for TC: test_TCID_008_verify_jira_integration"}, "teardown": {"name": "teardown", "duration": 0.2048672998789698, "outcome": "passed", "log": "\u001b[32mINFO    \u001b[0m conftest:conftest.py:76 Stacktrace -> \n$Traceback (most recent call last):\n  File \"D:\\projects\\JiraAssignments\\Devzery\\src\\helpers\\base.py\", line 220, in verify_toast_msg\n    msg_on_page = self.get_text(self.loc_toast_message)\n                  ^^^^^^^^^^^^^^^^^^^^^^^^^^^^^^^^^^^^^\n  File \"D:\\projects\\JiraAssignments\\Devzery\\src\\helpers\\base.py\", line 170, in get_text\n    self.wait.until(ec.presence_of_element_located(locator))\n  File \"D:\\projects\\JiraAssignments\\Devzery\\venv\\Lib\\site-packages\\selenium\\webdriver\\support\\wait.py\", line 105, in until\n    raise TimeoutException(message, screen, stacktrace)\nselenium.common.exceptions.TimeoutException: Message: \nStacktrace:\n\tGetHandleVerifier [0x00007FF64A455E42+3538674]\n\t(No symbol) [0x00007FF64A074C02]\n\t(No symbol) [0x00007FF649F25AEB]\n\t(No symbol) [0x00007FF649F6BF4E]\n\t(No symbol) [0x00007FF649F6C0CC]\n\t(No symbol) [0x00007FF649FAE477]\n\t(No symbol) [0x00007FF649F8F0EF]\n\t(No symbol) [0x00007FF649FABDE3]\n\t(No symbol) [0x00007FF649F8EE53]\n\t(No symbol) [0x00007FF649F5F514]\n\t(No symbol) [0x00007FF649F60631]\n\tGetHandleVerifier [0x00007FF64A486CAD+3738973]\n\tGetHandleVerifier [0x00007FF64A4DC506+4089270]\n\tGetHandleVerifier [0x00007FF64A4D4823+4057299]\n\tGetHandleVerifier [0x00007FF64A1A5C49+720121]\n\t(No symbol) [0x00007FF64A08126F]\n\t(No symbol) [0x00007FF64A07C304]\n\t(No symbol) [0x00007FF64A07C432]\n\t(No symbol) [0x00007FF64A06BD04]\n\tBaseThreadInitThunk [0x00007FF93D60257D+29]\n\tRtlUserThreadStart [0x00007FF93EA0AA58+40]\n\n\nDuring handling of the above exception, another exception occurred:\n\nTraceback (most recent call last):\n  File \"D:\\projects\\JiraAssignments\\Devzery\\src\\testsuite\\IntegrationModule\\test_dz_integration_module.py\", line 79, in test_TCID_008_verify_jira_integration\n    self.integration_helper.verify_jira_integration(\n  File \"D:\\projects\\JiraAssignments\\Devzery\\src\\helpers\\integration_helper.py\", line 65, in verify_jira_integration\n    self.verify_integration_successful_msg()\n  File \"D:\\projects\\JiraAssignments\\Devzery\\src\\pages\\IntegrationPage.py\", line 105, in verify_integration_successful_msg\n    self.base.verify_toast_msg(\"integration successful\")\n  File \"D:\\projects\\JiraAssignments\\Devzery\\src\\helpers\\base.py\", line 226, in verify_toast_msg\n    pytest.fail(f\"failing the test due to exception {e}\")\n  File \"D:\\projects\\JiraAssignments\\Devzery\\venv\\Lib\\site-packages\\_pytest\\outcomes.py\", line 198, in fail\n    raise Failed(msg=reason, pytrace=pytrace)\nFailed: failing the test due to exception Message: \nStacktrace:\n\tGetHandleVerifier [0x00007FF64A455E42+3538674]\n\t(No symbol) [0x00007FF64A074C02]\n\t(No symbol) [0x00007FF649F25AEB]\n\t(No symbol) [0x00007FF649F6BF4E]\n\t(No symbol) [0x00007FF649F6C0CC]\n\t(No symbol) [0x00007FF649FAE477]\n\t(No symbol) [0x00007FF649F8F0EF]\n\t(No symbol) [0x00007FF649FABDE3]\n\t(No symbol) [0x00007FF649F8EE53]\n\t(No symbol) [0x00007FF649F5F514]\n\t(No symbol) [0x00007FF649F60631]\n\tGetHandleVerifier [0x00007FF64A486CAD+3738973]\n\tGetHandleVerifier [0x00007FF64A4DC506+4089270]\n\tGetHandleVerifier [0x00007FF64A4D4823+4057299]\n\tGetHandleVerifier [0x00007FF64A1A5C49+720121]\n\t(No symbol) [0x00007FF64A08126F]\n\t(No symbol) [0x00007FF64A07C304]\n\t(No symbol) [0x00007FF64A07C432]\n\t(No symbol) [0x00007FF64A06BD04]\n\tBaseThreadInitThunk [0x00007FF93D60257D+29]\n\tRtlUserThreadStart [0x00007FF93EA0AA58+40]\n\u001b[32mINFO    \u001b[0m conftest:conftest.py:78 ~~~~~~~~~~~~~~~~~~~~~~~~~ TEST CASE : TEST_TCID_008_VERIFY_JIRA_INTEGRATION FAILED ~~~~~~~~~~~~~~~~~~~~~~~~~"}, "outcome": "failed"}}, {"id": 5, "type": "test", "attributes": {"name": "src/testsuite/IntegrationModule/test_dz_integration_module.py::TestDZIntegrationModule::test_TCID_009_verify_github_integration", "duration": 12.877247899770737, "run_index": 4, "setup": {"name": "setup", "duration": 0.0005506998859345913, "outcome": "passed"}, "call": {"name": "call", "duration": 12.469658399932086, "outcome": "failed", "longrepr": "Traceback (most recent call last):\n  File \"D:\\projects\\JiraAssignments\\Devzery\\src\\testsuite\\IntegrationModule\\test_dz_integration_module.py\", line 64, in test_TCID_009_verify_github_integration\n    self.integration_page.perform_github_integration(\n  File \"D:\\projects\\JiraAssignments\\Devzery\\src\\helpers\\integration_helper.py\", line 33, in perform_github_integration\n    assert self.open_integration_container('Github'), f\"Integration container for 'Github' unable to opened\"\nAssertionError: Integration container for 'Github' unable to opened", "log": "\u001b[32mINFO    \u001b[0m conftest:browser_driver.py:51 Starting Test test_TCID_009_verify_github_integration\n\u001b[32mINFO    \u001b[0m conftest:browser_driver.py:146 Initializing driver chrome with Headless mode False\n\u001b[32mINFO    \u001b[0m conftest:base.py:122 String 'swap12875@gmail.com' sent / typed in 'username' input field.\n\u001b[32mINFO    \u001b[0m conftest:base.py:122 String 'Dev@12875' sent / typed in 'password' input field.\n\u001b[32mINFO    \u001b[0m conftest:base.py:162 Waited for <> Element to Display for 0 seconds\n\u001b[32mINFO    \u001b[0m conftest:base.py:137 Clicked on ('xpath', '//button')\n\u001b[32mINFO    \u001b[0m conftest:base.py:202 Waiting for Spinner to disappear.\n\u001b[32mINFO    \u001b[0m conftest:base.py:162 Waited for <Dashboard label> Element to Display for 0 seconds\n\u001b[32mINFO    \u001b[0m conftest:base.py:176 Element text for ('xpath', \"//h6[.='Dashboard']\") is displayed as <Dashboard>\n\u001b[32mINFO    \u001b[0m conftest:base.py:162 Waited for <> Element to Display for 0 seconds\n\u001b[32mINFO    \u001b[0m conftest:base.py:137 Clicked on ('xpath', \"//h6[.='Integration']\")\n\u001b[32mINFO    \u001b[0m conftest:base.py:162 Waited for <Integration Heading> Element to Display for 0 seconds\n\u001b[32mINFO    \u001b[0m conftest:base.py:162 Waited for <> Element to Display for 0 seconds\n\u001b[32mINFO    \u001b[0m conftest:base.py:137 Clicked on ('xpath', \"//h6[.='Github Integration']\")\n\u001b[32mINFO    \u001b[0m conftest:base.py:188 Element with locator ('class name', 'gitLogoAndLink') displayed on page.\n\u001b[31mCRITICAL\u001b[0m conftest:browser_driver.py:61 ~~~~~~~~~~~~~~~~~~ Test Case : test_TCID_009_verify_github_integration Failed ~~~~~~~~~~~~~~~~~~~~~with >\n\t\t\t\t\t\t AssertionError : Integration container for 'Github' unable to opened\n\u001b[32mINFO    \u001b[0m conftest:browser_driver.py:71 Failed TC test_TCID_009_verify_github_integration screenshot saved as : \n\t\t\t\t\t\t D:\\projects\\JiraAssignments\\Devzery\\report\\failed_tc\\test_TCID_009_verify_github_integration.png\n\u001b[32mINFO    \u001b[0m conftest:browser_driver.py:156 Chrome browser closed successfully.\n\u001b[32mINFO    \u001b[0m conftest:browser_driver.py:75 Test Execution Finished for TC: test_TCID_009_verify_github_integration"}, "teardown": {"name": "teardown", "duration": 0.40648810006678104, "outcome": "passed", "log": "\u001b[32mINFO    \u001b[0m conftest:conftest.py:76 Stacktrace -> \n$Traceback (most recent call last):\n  File \"D:\\projects\\JiraAssignments\\Devzery\\src\\testsuite\\IntegrationModule\\test_dz_integration_module.py\", line 64, in test_TCID_009_verify_github_integration\n    self.integration_page.perform_github_integration(\n  File \"D:\\projects\\JiraAssignments\\Devzery\\src\\helpers\\integration_helper.py\", line 33, in perform_github_integration\n    assert self.open_integration_container('Github'), f\"Integration container for 'Github' unable to opened\"\nAssertionError: Integration container for 'Github' unable to opened\n\u001b[32mINFO    \u001b[0m conftest:conftest.py:78 ~~~~~~~~~~~~~~~~~~~~~~~~~ TEST CASE : TEST_TCID_009_VERIFY_GITHUB_INTEGRATION FAILED ~~~~~~~~~~~~~~~~~~~~~~~~~"}, "outcome": "failed"}}, {"id": 6, "type": "test", "attributes": {"name": "src/testsuite/IntegrationModule/test_dz_integration_module.py::TestDZIntegrationModule::test_TCID_010_verify_delete_integration_function", "duration": 30.48895570007153, "run_index": 5, "setup": {"name": "setup", "duration": 0.0007275000680238008, "outcome": "passed"}, "call": {"name": "call", "duration": 26.38840870000422, "outcome": "passed", "log": "\u001b[32mINFO    \u001b[0m conftest:browser_driver.py:51 Starting Test test_TCID_010_verify_delete_integration_function\n\u001b[32mINFO    \u001b[0m conftest:browser_driver.py:146 Initializing driver chrome with Headless mode False\n\u001b[32mINFO    \u001b[0m conftest:base.py:122 String 'swap12875@gmail.com' sent / typed in 'username' input field.\n\u001b[32mINFO    \u001b[0m conftest:base.py:122 String 'Dev@12875' sent / typed in 'password' input field.\n\u001b[32mINFO    \u001b[0m conftest:base.py:162 Waited for <> Element to Display for 0 seconds\n\u001b[32mINFO    \u001b[0m conftest:base.py:137 Clicked on ('xpath', '//button')\n\u001b[32mINFO    \u001b[0m conftest:base.py:202 Waiting for Spinner to disappear.\n\u001b[32mINFO    \u001b[0m conftest:base.py:162 Waited for <Dashboard label> Element to Display for 0 seconds\n\u001b[32mINFO    \u001b[0m conftest:base.py:176 Element text for ('xpath', \"//h6[.='Dashboard']\") is displayed as <Dashboard>\n\u001b[32mINFO    \u001b[0m conftest:base.py:162 Waited for <> Element to Display for 0 seconds\n\u001b[32mINFO    \u001b[0m conftest:base.py:137 Clicked on ('xpath', \"//h6[.='Integration']\")\n\u001b[32mINFO    \u001b[0m conftest:base.py:162 Waited for <Integration Heading> Element to Display for 0 seconds\n\u001b[32mINFO    \u001b[0m conftest:base.py:188 Element with locator ('class name', 'deleteJira') displayed on page.\n\u001b[32mINFO    \u001b[0m conftest:base.py:162 Waited for <> Element to Display for 0 seconds\n\u001b[32mINFO    \u001b[0m conftest:base.py:137 Clicked on ('class name', 'deleteJira')\n\u001b[32mINFO    \u001b[0m conftest:base.py:176 Element text for ('xpath', \"//div[starts-with(@class,'MuiAlert-message')]\") is displayed as <Integration Deleted Successfully!>\n\u001b[32mINFO    \u001b[0m conftest:base.py:191 Unable to verify the element displayed.\n\u001b[32mINFO    \u001b[0m conftest:IntegrationPage.py:187 Jira project is not integrated\n\u001b[32mINFO    \u001b[0m conftest:browser_driver.py:59 _____________ Test Case : test_TCID_010_verify_delete_integration_function passed _____________\n\u001b[32mINFO    \u001b[0m conftest:browser_driver.py:156 Chrome browser closed successfully.\n\u001b[32mINFO    \u001b[0m conftest:browser_driver.py:75 Test Execution Finished for TC: test_TCID_010_verify_delete_integration_function"}, "teardown": {"name": "teardown", "duration": 4.099091999931261, "outcome": "passed", "log": "\u001b[32mINFO    \u001b[0m conftest:conftest.py:81 _____________ Test Case : test_TCID_010_verify_delete_integration_function passed _____________"}, "outcome": "passed"}}, {"id": 7, "type": "test", "attributes": {"name": "src/testsuite/IntegrationModule/test_dz_integration_module.py::TestDZIntegrationModule::test_TCID_011_verify_cancel_operation_for_jira_integration", "duration": 20.863879199838266, "run_index": 6, "setup": {"name": "setup", "duration": 0.0006591998971998692, "outcome": "passed"}, "call": {"name": "call", "duration": 16.83004459994845, "outcome": "passed", "log": "\u001b[32mINFO    \u001b[0m conftest:browser_driver.py:51 Starting Test test_TCID_011_verify_cancel_operation_for_jira_integration\n\u001b[32mINFO    \u001b[0m conftest:browser_driver.py:146 Initializing driver chrome with Headless mode False\n\u001b[32mINFO    \u001b[0m conftest:base.py:122 String 'swap12875@gmail.com' sent / typed in 'username' input field.\n\u001b[32mINFO    \u001b[0m conftest:base.py:122 String 'Dev@12875' sent / typed in 'password' input field.\n\u001b[32mINFO    \u001b[0m conftest:base.py:162 Waited for <> Element to Display for 0 seconds\n\u001b[32mINFO    \u001b[0m conftest:base.py:137 Clicked on ('xpath', '//button')\n\u001b[32mINFO    \u001b[0m conftest:base.py:202 Waiting for Spinner to disappear.\n\u001b[32mINFO    \u001b[0m conftest:base.py:162 Waited for <Dashboard label> Element to Display for 0 seconds\n\u001b[32mINFO    \u001b[0m conftest:base.py:176 Element text for ('xpath', \"//h6[.='Dashboard']\") is displayed as <Dashboard>\n\u001b[32mINFO    \u001b[0m conftest:base.py:162 Waited for <> Element to Display for 0 seconds\n\u001b[32mINFO    \u001b[0m conftest:base.py:137 Clicked on ('xpath', \"//h6[.='Integration']\")\n\u001b[32mINFO    \u001b[0m conftest:base.py:162 Waited for <Integration Heading> Element to Display for 0 seconds\n\u001b[32mINFO    \u001b[0m conftest:base.py:162 Waited for <> Element to Display for 0 seconds\n\u001b[32mINFO    \u001b[0m conftest:base.py:137 Clicked on ('xpath', \"//h6[.='Jira Integration']\")\n\u001b[32mINFO    \u001b[0m conftest:base.py:188 Element with locator ('class name', 'jiraLogoAndLink') displayed on page.\n\u001b[32mINFO    \u001b[0m conftest:base.py:122 String 'https://swaptest12875.atlassian.net/' sent / typed in 'Jira workspace url' input field.\n\u001b[32mINFO    \u001b[0m conftest:base.py:122 String 'swaptest12875@gmail.com' sent / typed in 'jira username' input field.\n\u001b[32mINFO    \u001b[0m conftest:base.py:122 String 'ATATT3xFfGF06T6EBwDfKB0VCSxMwQVloBdTq60CHU5FnUzSpjjNbdquhJ4hZsYwrvZ1BqA5JzNDE8rhfyeALg-oFQKXDXwo9KAQpXj0l1eH0iSlbfXGelzFG_VDxEjMfetBd0GzoQtlKiBnarM1Q4-lZyoeIm_qj1l5w7W5t2bmWlE4SGd9Q44=B712E1FF' sent / typed in 'jira token' input field.\n\u001b[32mINFO    \u001b[0m conftest:base.py:162 Waited for <> Element to Display for 0 seconds\n\u001b[32mINFO    \u001b[0m conftest:base.py:137 Clicked on ('xpath', \"//button[text()='Select Project']\")\n\u001b[32mINFO    \u001b[0m conftest:base.py:176 Element text for ('xpath', \"//h5[.='Select Project']\") is displayed as <Select Project>\n\u001b[32mINFO    \u001b[0m conftest:base.py:162 Waited for <> Element to Display for 0 seconds\n\u001b[32mINFO    \u001b[0m conftest:base.py:137 Clicked on ('xpath', \"//button[text()='Next']\")\n\u001b[32mINFO    \u001b[0m conftest:base.py:176 Element text for ('class name', 'jiraError') is displayed as <Please enter a valid project name>\n\u001b[32mINFO    \u001b[0m conftest:browser_driver.py:59 _____________ Test Case : test_TCID_011_verify_cancel_operation_for_jira_integration passed _____________\n\u001b[32mINFO    \u001b[0m conftest:browser_driver.py:156 Chrome browser closed successfully.\n\u001b[32mINFO    \u001b[0m conftest:browser_driver.py:75 Test Execution Finished for TC: test_TCID_011_verify_cancel_operation_for_jira_integration"}, "teardown": {"name": "teardown", "duration": 4.032516200095415, "outcome": "passed", "log": "\u001b[32mINFO    \u001b[0m conftest:conftest.py:81 _____________ Test Case : test_TCID_011_verify_cancel_operation_for_jira_integration passed _____________"}, "outcome": "passed"}}, {"id": 8, "type": "test", "attributes": {"name": "src/testsuite/login_module/test_dz_login_module.py::TestDZLoginModule::test_TCID_001_verify_login", "duration": 58.553367300424725, "run_index": 7, "setup": {"name": "setup", "duration": 0.0007697001565247774, "outcome": "passed"}, "call": {"name": "call", "duration": 9.590549499960616, "outcome": "passed", "log": "\u001b[32mINFO    \u001b[0m conftest:browser_driver.py:51 Starting Test test_TCID_001_verify_login\n\u001b[32mINFO    \u001b[0m conftest:browser_driver.py:146 Initializing driver chrome with Headless mode False\n\u001b[32mINFO    \u001b[0m conftest:base.py:122 String 'swap12875@gmail.com' sent / typed in 'username' input field.\n\u001b[32mINFO    \u001b[0m conftest:base.py:122 String 'Dev@12875' sent / typed in 'password' input field.\n\u001b[32mINFO    \u001b[0m conftest:base.py:162 Waited for <> Element to Display for 0 seconds\n\u001b[32mINFO    \u001b[0m conftest:base.py:137 Clicked on ('xpath', '//button')\n\u001b[32mINFO    \u001b[0m conftest:base.py:202 Waiting for Spinner to disappear.\n\u001b[32mINFO    \u001b[0m conftest:base.py:162 Waited for <Dashboard label> Element to Display for 0 seconds\n\u001b[32mINFO    \u001b[0m conftest:base.py:176 Element text for ('xpath', \"//h6[.='Dashboard']\") is displayed as <Dashboard>\n\u001b[32mINFO    \u001b[0m conftest:browser_driver.py:59 _____________ Test Case : test_TCID_001_verify_login passed _____________\n\u001b[32mINFO    \u001b[0m conftest:browser_driver.py:156 Chrome browser closed successfully.\n\u001b[32mINFO    \u001b[0m conftest:browser_driver.py:75 Test Execution Finished for TC: test_TCID_001_verify_login"}, "teardown": {"name": "teardown", "duration": 48.96127840015106, "outcome": "passed", "log": "\u001b[32mINFO    \u001b[0m conftest:conftest.py:81 _____________ Test Case : test_TCID_001_verify_login passed _____________\n\u001b[33mWARNING \u001b[0m urllib3.connectionpool:connectionpool.py:871 Retrying (Retry(total=2, connect=None, read=None, redirect=None, status=None)) after connection broken by 'NewConnectionError('<urllib3.connection.HTTPConnection object at 0x0000026871BEFC10>: Failed to establish a new connection: [WinError 10061] No connection could be made because the target machine actively refused it')': /session/6a63d52f05f7968cf1128f70b060a48a\n\u001b[33mWARNING \u001b[0m urllib3.connectionpool:connectionpool.py:871 Retrying (Retry(total=1, connect=None, read=None, redirect=None, status=None)) after connection broken by 'NewConnectionError('<urllib3.connection.HTTPConnection object at 0x0000026871F711D0>: Failed to establish a new connection: [WinError 10061] No connection could be made because the target machine actively refused it')': /session/6a63d52f05f7968cf1128f70b060a48a\n\u001b[33mWARNING \u001b[0m urllib3.connectionpool:connectionpool.py:871 Retrying (Retry(total=0, connect=None, read=None, redirect=None, status=None)) after connection broken by 'NewConnectionError('<urllib3.connection.HTTPConnection object at 0x0000026871F70C50>: Failed to establish a new connection: [WinError 10061] No connection could be made because the target machine actively refused it')': /session/6a63d52f05f7968cf1128f70b060a48a\n\u001b[32mINFO    \u001b[0m conftest:browser_driver.py:99 Driver Closed.\n\u001b[33mWARNING \u001b[0m urllib3.connectionpool:connectionpool.py:871 Retrying (Retry(total=2, connect=None, read=None, redirect=None, status=None)) after connection broken by 'NewConnectionError('<urllib3.connection.HTTPConnection object at 0x0000026871F7C690>: Failed to establish a new connection: [WinError 10061] No connection could be made because the target machine actively refused it')': /session/f551f02941a8b3d1f9e71f5bde6bad91\n\u001b[33mWARNING \u001b[0m urllib3.connectionpool:connectionpool.py:871 Retrying (Retry(total=1, connect=None, read=None, redirect=None, status=None)) after connection broken by 'NewConnectionError('<urllib3.connection.HTTPConnection object at 0x0000026871F7CF10>: Failed to establish a new connection: [WinError 10061] No connection could be made because the target machine actively refused it')': /session/f551f02941a8b3d1f9e71f5bde6bad91\n\u001b[33mWARNING \u001b[0m urllib3.connectionpool:connectionpool.py:871 Retrying (Retry(total=0, connect=None, read=None, redirect=None, status=None)) after connection broken by 'NewConnectionError('<urllib3.connection.HTTPConnection object at 0x0000026871F7D710>: Failed to establish a new connection: [WinError 10061] No connection could be made because the target machine actively refused it')': /session/f551f02941a8b3d1f9e71f5bde6bad91\n\u001b[32mINFO    \u001b[0m conftest:browser_driver.py:99 Driver Closed."}, "outcome": "passed"}}]}